# JRE version: OpenJDK Runtime Environment (11.0.8+10) (build 11.0.8+10-b944.6842174)
# Java VM: OpenJDK 64-Bit Server VM (11.0.8+10-b944.6842174, mixed mode, tiered, compressed oops, g1 gc, windows-amd64)
Heap:
 garbage-first heap   total 315392K, used 160808K [0x000000058f000000, 0x0000000800000000)
  region size 2048K, 14 young (28672K), 5 survivors (10240K)
 Metaspace       used 96588K, capacity 100642K, committed 100864K, reserved 1136640K
  class space    used 12677K, capacity 14008K, committed 14080K, reserved 1048576K
GC Heap History (20 events):
Event: 18.081 GC heap before
{Heap before GC invocations=8 (full 0):
 garbage-first heap   total 262144K, used 116289K [0x000000058f000000, 0x0000000800000000)
  region size 2048K, 43 young (88064K), 9 survivors (18432K)
 Metaspace       used 58551K, capacity 60186K, committed 60288K, reserved 1101824K
  class space    used 7497K, capacity 8092K, committed 8192K, reserved 1048576K
}
Event: 18.124 GC heap after
{Heap after GC invocations=9 (full 0):
 garbage-first heap   total 262144K, used 52301K [0x000000058f000000, 0x0000000800000000)
  region size 2048K, 2 young (4096K), 2 survivors (4096K)
 Metaspace       used 58551K, capacity 60186K, committed 60288K, reserved 1101824K
  class space    used 7497K, capacity 8092K, committed 8192K, reserved 1048576K
}
Event: 21.671 GC heap before
{Heap before GC invocations=10 (full 0):
 garbage-first heap   total 262144K, used 160845K [0x000000058f000000, 0x0000000800000000)
  region size 2048K, 55 young (112640K), 2 survivors (4096K)
 Metaspace       used 67726K, capacity 69440K, committed 69504K, reserved 1110016K
  class space    used 8645K, capacity 9283K, committed 9344K, reserved 1048576K
}
Event: 21.685 GC heap after
{Heap after GC invocations=11 (full 0):
 garbage-first heap   total 262144K, used 58132K [0x000000058f000000, 0x0000000800000000)
  region size 2048K, 5 young (10240K), 5 survivors (10240K)
 Metaspace       used 67726K, capacity 69440K, committed 69504K, reserved 1110016K
  class space    used 8645K, capacity 9283K, committed 9344K, reserved 1048576K
}
Event: 23.121 GC heap before
{Heap before GC invocations=12 (full 0):
 garbage-first heap   total 262144K, used 166676K [0x000000058f000000, 0x0000000800000000)
  region size 2048K, 59 young (120832K), 5 survivors (10240K)
 Metaspace       used 69743K, capacity 71811K, committed 71936K, reserved 1112064K
  class space    used 8960K, capacity 9700K, committed 9728K, reserved 1048576K
}
Event: 23.140 GC heap after
{Heap after GC invocations=13 (full 0):
 garbage-first heap   total 262144K, used 68006K [0x000000058f000000, 0x0000000800000000)
  region size 2048K, 8 young (16384K), 8 survivors (16384K)
 Metaspace       used 69743K, capacity 71811K, committed 71936K, reserved 1112064K
  class space    used 8960K, capacity 9700K, committed 9728K, reserved 1048576K
}
Event: 25.654 GC heap before
{Heap before GC invocations=13 (full 0):
 garbage-first heap   total 262144K, used 178598K [0x000000058f000000, 0x0000000800000000)
  region size 2048K, 62 young (126976K), 8 survivors (16384K)
 Metaspace       used 76570K, capacity 78746K, committed 78976K, reserved 1118208K
  class space    used 10028K, capacity 10824K, committed 10880K, reserved 1048576K
}
Event: 25.683 GC heap after
{Heap after GC invocations=14 (full 0):
 garbage-first heap   total 262144K, used 75311K [0x000000058f000000, 0x0000000800000000)
  region size 2048K, 4 young (8192K), 4 survivors (8192K)
 Metaspace       used 76570K, capacity 78746K, committed 78976K, reserved 1118208K
  class space    used 10028K, capacity 10824K, committed 10880K, reserved 1048576K
}
Event: 27.930 GC heap before
{Heap before GC invocations=14 (full 0):
 garbage-first heap   total 262144K, used 185903K [0x000000058f000000, 0x0000000800000000)
  region size 2048K, 58 young (118784K), 4 survivors (8192K)
 Metaspace       used 80543K, capacity 83135K, committed 83328K, reserved 1120256K
  class space    used 10621K, capacity 11551K, committed 11648K, reserved 1048576K
}
Event: 27.947 GC heap after
{Heap after GC invocations=15 (full 0):
 garbage-first heap   total 262144K, used 90553K [0x000000058f000000, 0x0000000800000000)
  region size 2048K, 8 young (16384K), 8 survivors (16384K)
 Metaspace       used 80543K, capacity 83135K, committed 83328K, reserved 1120256K
  class space    used 10621K, capacity 11551K, committed 11648K, reserved 1048576K
}
Event: 31.095 GC heap before
{Heap before GC invocations=15 (full 0):
 garbage-first heap   total 262144K, used 192953K [0x000000058f000000, 0x0000000800000000)
  region size 2048K, 58 young (118784K), 8 survivors (16384K)
 Metaspace       used 82453K, capacity 85926K, committed 86016K, reserved 1124352K
  class space    used 10891K, capacity 12008K, committed 12032K, reserved 1048576K
}
Event: 31.124 GC heap after
{Heap after GC invocations=16 (full 0):
 garbage-first heap   total 262144K, used 107854K [0x000000058f000000, 0x0000000800000000)
  region size 2048K, 8 young (16384K), 8 survivors (16384K)
 Metaspace       used 82453K, capacity 85926K, committed 86016K, reserved 1124352K
  class space    used 10891K, capacity 12008K, committed 12032K, reserved 1048576K
}
Event: 32.764 GC heap before
{Heap before GC invocations=16 (full 0):
 garbage-first heap   total 262144K, used 195918K [0x000000058f000000, 0x0000000800000000)
  region size 2048K, 51 young (104448K), 8 survivors (16384K)
 Metaspace       used 89940K, capacity 93496K, committed 93696K, reserved 1130496K
  class space    used 11901K, capacity 13028K, committed 13056K, reserved 1048576K
}
Event: 32.802 GC heap after
{Heap after GC invocations=17 (full 0):
 garbage-first heap   total 315392K, used 118356K [0x000000058f000000, 0x0000000800000000)
  region size 2048K, 5 young (10240K), 5 survivors (10240K)
 Metaspace       used 89940K, capacity 93496K, committed 93696K, reserved 1130496K
  class space    used 11901K, capacity 13028K, committed 13056K, reserved 1048576K
}
Event: 34.839 GC heap before
{Heap before GC invocations=17 (full 0):
 garbage-first heap   total 315392K, used 220756K [0x000000058f000000, 0x0000000800000000)
  region size 2048K, 56 young (114688K), 5 survivors (10240K)
 Metaspace       used 93104K, capacity 96919K, committed 97024K, reserved 1132544K
  class space    used 12306K, capacity 13561K, committed 13568K, reserved 1048576K
}
Event: 34.887 GC heap after
{Heap after GC invocations=18 (full 0):
 garbage-first heap   total 315392K, used 136237K [0x000000058f000000, 0x0000000800000000)
  region size 2048K, 7 young (14336K), 7 survivors (14336K)
 Metaspace       used 93104K, capacity 96919K, committed 97024K, reserved 1132544K
  class space    used 12306K, capacity 13561K, committed 13568K, reserved 1048576K
}
Event: 86.239 GC heap before
{Heap before GC invocations=18 (full 0):
 garbage-first heap   total 315392K, used 232493K [0x000000058f000000, 0x0000000800000000)
  region size 2048K, 54 young (110592K), 7 survivors (14336K)
 Metaspace       used 93963K, capacity 97839K, committed 97920K, reserved 1134592K
  class space    used 12425K, capacity 13691K, committed 13696K, reserved 1048576K
}
Event: 86.284 GC heap after
{Heap after GC invocations=19 (full 0):
 garbage-first heap   total 315392K, used 142817K [0x000000058f000000, 0x0000000800000000)
  region size 2048K, 3 young (6144K), 3 survivors (6144K)
 Metaspace       used 93963K, capacity 97839K, committed 97920K, reserved 1134592K
  class space    used 12425K, capacity 13691K, committed 13696K, reserved 1048576K
}
Event: 108.333 GC heap before
{Heap before GC invocations=19 (full 0):
 garbage-first heap   total 315392K, used 237025K [0x000000058f000000, 0x0000000800000000)
  region size 2048K, 50 young (102400K), 3 survivors (6144K)
 Metaspace       used 96339K, capacity 100350K, committed 100608K, reserved 1136640K
  class space    used 12638K, capacity 13981K, committed 14080K, reserved 1048576K
}
Event: 108.346 GC heap after
{Heap after GC invocations=20 (full 0):
 garbage-first heap   total 315392K, used 146472K [0x000000058f000000, 0x0000000800000000)
  region size 2048K, 5 young (10240K), 5 survivors (10240K)
 Metaspace       used 96339K, capacity 100350K, committed 100608K, reserved 1136640K
  class space    used 12638K, capacity 13981K, committed 14080K, reserved 1048576K
}

